<?xml version="1.0" encoding="UTF-8"?>
<testng-results ignored="0" total="1" passed="1" failed="0" skipped="0">
  <reporter-output>
    <line>
      <![CDATA[Logs easily accessable]]>
    </line>
    <line>
      <![CDATA[Chrome launched successfully]]>
    </line>
    <line>
      <![CDATA[site open successfully]]>
    </line>
  </reporter-output>
  <suite started-at="2023-07-18T12:12:27 IST" name="Suite" finished-at="2023-07-18T12:12:36 IST" duration-ms="8076">
    <groups>
    </groups>
    <test started-at="2023-07-18T12:12:27 IST" name="Test" finished-at="2023-07-18T12:12:36 IST" duration-ms="8076">
      <class name="junegit.test0">
        <test-method signature="metd()[pri:0, instance:junegit.test0@2fb3536e]" started-at="2023-07-18T12:12:27 IST" name="metd" finished-at="2023-07-18T12:12:36 IST" duration-ms="8026" status="PASS">
          <reporter-output>
            <line>
              <![CDATA[Logs easily accessable]]>
            </line>
            <line>
              <![CDATA[Chrome launched successfully]]>
            </line>
            <line>
              <![CDATA[site open successfully]]>
            </line>
          </reporter-output>
        </test-method> <!-- metd -->
      </class> <!-- junegit.test0 -->
    </test> <!-- Test -->
  </suite> <!-- Suite -->
</testng-results>
